<?xml version="1.0" encoding="UTF-8"?>
<!-- Generated by org.testng.reporters.JUnitReportReporter -->
<testsuite hostname="DESKTOP-DAPT56R" failures="0" tests="4" name="tests.SVGExample" time="73.804" errors="0" timestamp="2023-02-10T10:46:25 IST" skipped="0">
  <testcase classname="tests.SVGExample" name="mapTest" time="25.513"/>
  <system-out/>
  <testcase classname="tests.SVGExample" name="mapTest" time="16.569"/>
  <system-out/>
  <testcase classname="tests.SVGExample" name="mapTest" time="16.428"/>
  <system-out/>
  <testcase classname="tests.SVGExample" name="mapTest" time="15.294"/>
  <system-out/>
</testsuite> <!-- tests.SVGExample -->
